<?xml version="1.0" encoding="UTF-8"?>
<!-- Generated by org.testng.reporters.JUnitReportReporter -->
<testsuite hostname="DESKTOP-IVBSBRH" failures="0" tests="2" name="TestRunners.TestRunner" time="37.292" errors="0" timestamp="2024-03-25T18:03:24 IST" skipped="0">
  <testcase classname="TestRunners.TestRunner" name="runScenario" time="18.632"/>
  <testcase classname="TestRunners.TestRunner" name="runScenario" time="18.660"/>
</testsuite> <!-- TestRunners.TestRunner -->
