<?xml version="1.0" encoding="UTF-8"?>
<!-- Generated by org.testng.reporters.JUnitReportReporter -->
<testsuite hostname="DESKTOP-IVBSBRH" failures="0" tests="7" name="StepDefinitions.TestRunner" time="318.934" errors="0" timestamp="2024-03-25T15:20:24 IST" skipped="0">
  <testcase classname="StepDefinitions.TestRunner" name="runScenario" time="45.375"/>
  <testcase classname="StepDefinitions.TestRunner" name="runScenario" time="45.359"/>
  <testcase classname="StepDefinitions.TestRunner" name="runScenario" time="42.917"/>
  <testcase classname="StepDefinitions.TestRunner" name="runScenario" time="45.310"/>
  <testcase classname="StepDefinitions.TestRunner" name="runScenario" time="45.419"/>
  <testcase classname="StepDefinitions.TestRunner" name="runScenario" time="49.321"/>
  <testcase classname="StepDefinitions.TestRunner" name="runScenario" time="45.233"/>
</testsuite> <!-- StepDefinitions.TestRunner -->
