<?xml version="1.0" encoding="UTF-8"?>
<!-- Generated by org.testng.reporters.JUnitReportReporter -->
<testsuite hostname="DESKTOP-IVBSBRH" failures="0" tests="2" name="com.practiceautomate.qa.tests.FileUploadPageTest" time="34.124" errors="0" timestamp="2024-03-04T21:48:02 IST" skipped="0">
  <testcase classname="com.practiceautomate.qa.tests.FileUploadPageTest" name="uploadUsingRobotClass" time="18.996"/>
  <testcase classname="com.practiceautomate.qa.tests.FileUploadPageTest" name="uploadthroughBrowseButton" time="15.128"/>
</testsuite> <!-- com.practiceautomate.qa.tests.FileUploadPageTest -->
